[0.178s] DEBUG:colcon:Command line arguments: ['/usr/bin/colcon', 'build', '--symlink-install']
[0.179s] DEBUG:colcon:Parsed command line arguments: Namespace(log_base=None, log_level=None, verb_name='build', build_base='build', install_base='install', merge_install=False, symlink_install=True, test_result_base=None, continue_on_error=False, executor='parallel', parallel_workers=12, event_handlers=None, ignore_user_meta=False, metas=['./colcon.meta'], base_paths=['.'], packages_ignore=None, packages_ignore_regex=None, paths=None, packages_up_to=None, packages_up_to_regex=None, packages_above=None, packages_above_and_dependencies=None, packages_above_depth=None, packages_select_by_dep=None, packages_skip_by_dep=None, packages_skip_up_to=None, packages_select_build_failed=False, packages_skip_build_finished=False, packages_select_test_failures=False, packages_skip_test_passed=False, packages_select=None, packages_skip=None, packages_select_regex=None, packages_skip_regex=None, packages_start=None, packages_end=None, cmake_args=None, cmake_target=None, cmake_target_skip_unavailable=False, cmake_clean_cache=False, cmake_clean_first=False, cmake_force_configure=False, ament_cmake_args=None, catkin_cmake_args=None, catkin_skip_building_tests=False, mixin_files=None, mixin=None, verb_parser=<colcon_mixin.mixin.mixin_argument.MixinArgumentDecorator object at 0x7fe199b1d000>, verb_extension=<colcon_core.verb.build.BuildVerb object at 0x7fe199c96ad0>, main=<bound method BuildVerb.main of <colcon_core.verb.build.BuildVerb object at 0x7fe199c96ad0>>, mixin_verb=('build',))
[0.410s] Level 1:colcon.colcon_core.package_discovery:discover_packages(colcon_meta) check parameters
[0.412s] INFO:colcon.colcon_metadata.package_discovery.colcon_meta:Using configuration from '/root/.colcon/metadata/default/Gazebo.meta'
[0.412s] INFO:colcon.colcon_metadata.package_discovery.colcon_meta:Using configuration from '/root/.colcon/metadata/default/fastdds.meta'
[0.413s] INFO:colcon.colcon_metadata.package_discovery.colcon_meta:Using configuration from '/root/.colcon/metadata/default/fastrtps.meta'
[0.413s] Level 1:colcon.colcon_core.package_discovery:discover_packages(recursive) check parameters
[0.413s] Level 1:colcon.colcon_core.package_discovery:discover_packages(ignore) check parameters
[0.413s] Level 1:colcon.colcon_core.package_discovery:discover_packages(path) check parameters
[0.413s] Level 1:colcon.colcon_core.package_discovery:discover_packages(colcon_meta) discover
[0.413s] Level 1:colcon.colcon_core.package_discovery:discover_packages(recursive) discover
[0.413s] INFO:colcon.colcon_core.package_discovery:Crawling recursively for packages in '/root/ros2_ws/src/asv_simulator'
[0.413s] Level 1:colcon.colcon_core.package_identification:_identify(.) by extensions ['ignore', 'ignore_ament_install']
[0.413s] Level 1:colcon.colcon_core.package_identification:_identify(.) by extension 'ignore'
[0.413s] Level 1:colcon.colcon_core.package_identification:_identify(.) by extension 'ignore_ament_install'
[0.413s] Level 1:colcon.colcon_core.package_identification:_identify(.) by extensions ['colcon_pkg']
[0.413s] Level 1:colcon.colcon_core.package_identification:_identify(.) by extension 'colcon_pkg'
[0.413s] Level 1:colcon.colcon_core.package_identification:_identify(.) by extensions ['colcon_meta']
[0.413s] Level 1:colcon.colcon_core.package_identification:_identify(.) by extension 'colcon_meta'
[0.413s] Level 1:colcon.colcon_core.package_identification:_identify(.) by extensions ['ros']
[0.413s] Level 1:colcon.colcon_core.package_identification:_identify(.) by extension 'ros'
[0.430s] DEBUG:colcon.colcon_core.package_identification:Package '.' with type 'ros.ament_cmake' and name 'asv_simulator'
[0.430s] Level 1:colcon.colcon_core.package_discovery:discover_packages(recursive) using defaults
[0.430s] Level 1:colcon.colcon_core.package_discovery:discover_packages(ignore) discover
[0.430s] Level 1:colcon.colcon_core.package_discovery:discover_packages(ignore) using defaults
[0.431s] Level 1:colcon.colcon_core.package_discovery:discover_packages(path) discover
[0.431s] Level 1:colcon.colcon_core.package_discovery:discover_packages(path) using defaults
[0.462s] Level 5:colcon.colcon_core.verb:set package 'asv_simulator' build argument 'cmake_args' from command line to 'None'
[0.462s] Level 5:colcon.colcon_core.verb:set package 'asv_simulator' build argument 'cmake_target' from command line to 'None'
[0.462s] Level 5:colcon.colcon_core.verb:set package 'asv_simulator' build argument 'cmake_target_skip_unavailable' from command line to 'False'
[0.462s] Level 5:colcon.colcon_core.verb:set package 'asv_simulator' build argument 'cmake_clean_cache' from command line to 'False'
[0.462s] Level 5:colcon.colcon_core.verb:set package 'asv_simulator' build argument 'cmake_clean_first' from command line to 'False'
[0.462s] Level 5:colcon.colcon_core.verb:set package 'asv_simulator' build argument 'cmake_force_configure' from command line to 'False'
[0.462s] Level 5:colcon.colcon_core.verb:set package 'asv_simulator' build argument 'ament_cmake_args' from command line to 'None'
[0.462s] Level 5:colcon.colcon_core.verb:set package 'asv_simulator' build argument 'catkin_cmake_args' from command line to 'None'
[0.462s] Level 5:colcon.colcon_core.verb:set package 'asv_simulator' build argument 'catkin_skip_building_tests' from command line to 'False'
[0.462s] DEBUG:colcon.colcon_core.verb:Building package 'asv_simulator' with the following arguments: {'ament_cmake_args': None, 'build_base': '/root/ros2_ws/src/asv_simulator/build/asv_simulator', 'catkin_cmake_args': None, 'catkin_skip_building_tests': False, 'cmake_args': None, 'cmake_clean_cache': False, 'cmake_clean_first': False, 'cmake_force_configure': False, 'cmake_target': None, 'cmake_target_skip_unavailable': False, 'install_base': '/root/ros2_ws/src/asv_simulator/install/asv_simulator', 'merge_install': False, 'path': '/root/ros2_ws/src/asv_simulator', 'symlink_install': True, 'test_result_base': None}
[0.462s] INFO:colcon.colcon_core.executor:Executing jobs using 'parallel' executor
[0.463s] DEBUG:colcon.colcon_parallel_executor.executor.parallel:run_until_complete
[0.463s] INFO:colcon.colcon_ros.task.ament_cmake.build:Building ROS package in '/root/ros2_ws/src/asv_simulator' with build type 'ament_cmake'
[0.463s] INFO:colcon.colcon_cmake.task.cmake.build:Building CMake package in '/root/ros2_ws/src/asv_simulator'
[0.466s] INFO:colcon.colcon_core.plugin_system:Skipping extension 'colcon_core.shell.bat': Not used on non-Windows systems
[0.467s] INFO:colcon.colcon_core.shell:Skip shell extension 'powershell' for command environment: Not usable outside of PowerShell
[0.467s] DEBUG:colcon.colcon_core.shell:Skip shell extension 'dsv' for command environment
[0.468s] WARNING:colcon.colcon_ros.prefix_path.ament:The path '/root/ros2_ws/src/asv_simulator/install/asv_simulator' in the environment variable AMENT_PREFIX_PATH doesn't exist
[0.469s] WARNING:colcon.colcon_ros.prefix_path.catkin:The path '/root/ros2_ws/src/asv_simulator/install/asv_simulator' in the environment variable CMAKE_PREFIX_PATH doesn't exist
[0.482s] DEBUG:colcon.colcon_core.event_handler.log_command:Invoking command in '/root/ros2_ws/src/asv_simulator/build/asv_simulator': CMAKE_PREFIX_PATH=${CMAKE_PREFIX_PATH}:/root/ros2_ws/install/map2gazebo:/opt/ros/humble /usr/bin/cmake /root/ros2_ws/src/asv_simulator -DAMENT_CMAKE_SYMLINK_INSTALL=1 -DCMAKE_INSTALL_PREFIX=/root/ros2_ws/src/asv_simulator/install/asv_simulator
[5.192s] DEBUG:colcon.colcon_core.event_handler.log_command:Invoked command in '/root/ros2_ws/src/asv_simulator/build/asv_simulator' returned '0': CMAKE_PREFIX_PATH=${CMAKE_PREFIX_PATH}:/root/ros2_ws/install/map2gazebo:/opt/ros/humble /usr/bin/cmake /root/ros2_ws/src/asv_simulator -DAMENT_CMAKE_SYMLINK_INSTALL=1 -DCMAKE_INSTALL_PREFIX=/root/ros2_ws/src/asv_simulator/install/asv_simulator
[5.195s] DEBUG:colcon.colcon_core.event_handler.log_command:Invoking command in '/root/ros2_ws/src/asv_simulator/build/asv_simulator': CMAKE_PREFIX_PATH=${CMAKE_PREFIX_PATH}:/root/ros2_ws/install/map2gazebo:/opt/ros/humble /usr/bin/cmake --build /root/ros2_ws/src/asv_simulator/build/asv_simulator -- -j12 -l12
[18.802s] DEBUG:colcon.colcon_core.event_handler.log_command:Invoked command in '/root/ros2_ws/src/asv_simulator/build/asv_simulator' returned '0': CMAKE_PREFIX_PATH=${CMAKE_PREFIX_PATH}:/root/ros2_ws/install/map2gazebo:/opt/ros/humble /usr/bin/cmake --build /root/ros2_ws/src/asv_simulator/build/asv_simulator -- -j12 -l12
[18.827s] DEBUG:colcon.colcon_core.event_handler.log_command:Invoking command in '/root/ros2_ws/src/asv_simulator/build/asv_simulator': CMAKE_PREFIX_PATH=${CMAKE_PREFIX_PATH}:/root/ros2_ws/install/map2gazebo:/opt/ros/humble /usr/bin/cmake --install /root/ros2_ws/src/asv_simulator/build/asv_simulator
[19.623s] Level 1:colcon.colcon_core.environment:create_environment_scripts_only(asv_simulator)
[19.624s] DEBUG:colcon.colcon_core.event_handler.log_command:Invoked command in '/root/ros2_ws/src/asv_simulator/build/asv_simulator' returned '0': CMAKE_PREFIX_PATH=${CMAKE_PREFIX_PATH}:/root/ros2_ws/install/map2gazebo:/opt/ros/humble /usr/bin/cmake --install /root/ros2_ws/src/asv_simulator/build/asv_simulator
[19.638s] Level 1:colcon.colcon_core.environment:checking '/root/ros2_ws/src/asv_simulator/install/asv_simulator' for CMake module files
[19.639s] Level 1:colcon.colcon_core.environment:checking '/root/ros2_ws/src/asv_simulator/install/asv_simulator' for CMake config files
[19.641s] Level 1:colcon.colcon_core.shell:create_environment_hook('asv_simulator', 'cmake_prefix_path')
[19.642s] INFO:colcon.colcon_core.shell:Creating environment hook '/root/ros2_ws/src/asv_simulator/install/asv_simulator/share/asv_simulator/hook/cmake_prefix_path.ps1'
[19.643s] INFO:colcon.colcon_core.shell:Creating environment descriptor '/root/ros2_ws/src/asv_simulator/install/asv_simulator/share/asv_simulator/hook/cmake_prefix_path.dsv'
[19.644s] INFO:colcon.colcon_core.shell:Creating environment hook '/root/ros2_ws/src/asv_simulator/install/asv_simulator/share/asv_simulator/hook/cmake_prefix_path.sh'
[19.646s] Level 1:colcon.colcon_core.environment:checking '/root/ros2_ws/src/asv_simulator/install/asv_simulator/lib'
[19.647s] Level 1:colcon.colcon_core.shell:create_environment_hook('asv_simulator', 'ld_library_path_lib')
[19.647s] INFO:colcon.colcon_core.shell:Creating environment hook '/root/ros2_ws/src/asv_simulator/install/asv_simulator/share/asv_simulator/hook/ld_library_path_lib.ps1'
[19.647s] INFO:colcon.colcon_core.shell:Creating environment descriptor '/root/ros2_ws/src/asv_simulator/install/asv_simulator/share/asv_simulator/hook/ld_library_path_lib.dsv'
[19.648s] INFO:colcon.colcon_core.shell:Creating environment hook '/root/ros2_ws/src/asv_simulator/install/asv_simulator/share/asv_simulator/hook/ld_library_path_lib.sh'
[19.648s] Level 1:colcon.colcon_core.environment:checking '/root/ros2_ws/src/asv_simulator/install/asv_simulator/bin'
[19.648s] Level 1:colcon.colcon_core.environment:checking '/root/ros2_ws/src/asv_simulator/install/asv_simulator/lib/pkgconfig/asv_simulator.pc'
[19.650s] Level 1:colcon.colcon_core.environment:checking '/root/ros2_ws/src/asv_simulator/install/asv_simulator/lib/python3.10/site-packages'
[19.650s] Level 1:colcon.colcon_core.environment:checking '/root/ros2_ws/src/asv_simulator/install/asv_simulator/bin'
[19.650s] INFO:colcon.colcon_core.shell:Creating package script '/root/ros2_ws/src/asv_simulator/install/asv_simulator/share/asv_simulator/package.ps1'
[19.652s] INFO:colcon.colcon_core.shell:Creating package descriptor '/root/ros2_ws/src/asv_simulator/install/asv_simulator/share/asv_simulator/package.dsv'
[19.652s] INFO:colcon.colcon_core.shell:Creating package script '/root/ros2_ws/src/asv_simulator/install/asv_simulator/share/asv_simulator/package.sh'
[19.653s] INFO:colcon.colcon_core.shell:Creating package script '/root/ros2_ws/src/asv_simulator/install/asv_simulator/share/asv_simulator/package.bash'
[19.654s] INFO:colcon.colcon_core.shell:Creating package script '/root/ros2_ws/src/asv_simulator/install/asv_simulator/share/asv_simulator/package.zsh'
[19.654s] Level 1:colcon.colcon_core.environment:create_file_with_runtime_dependencies(/root/ros2_ws/src/asv_simulator/install/asv_simulator/share/colcon-core/packages/asv_simulator)
[19.654s] Level 1:colcon.colcon_core.environment:create_environment_scripts_only(asv_simulator)
[19.655s] Level 1:colcon.colcon_core.environment:checking '/root/ros2_ws/src/asv_simulator/install/asv_simulator' for CMake module files
[19.655s] Level 1:colcon.colcon_core.environment:checking '/root/ros2_ws/src/asv_simulator/install/asv_simulator' for CMake config files
[19.655s] Level 1:colcon.colcon_core.shell:create_environment_hook('asv_simulator', 'cmake_prefix_path')
[19.656s] INFO:colcon.colcon_core.shell:Creating environment hook '/root/ros2_ws/src/asv_simulator/install/asv_simulator/share/asv_simulator/hook/cmake_prefix_path.ps1'
[19.656s] INFO:colcon.colcon_core.shell:Creating environment descriptor '/root/ros2_ws/src/asv_simulator/install/asv_simulator/share/asv_simulator/hook/cmake_prefix_path.dsv'
[19.656s] INFO:colcon.colcon_core.shell:Creating environment hook '/root/ros2_ws/src/asv_simulator/install/asv_simulator/share/asv_simulator/hook/cmake_prefix_path.sh'
[19.657s] Level 1:colcon.colcon_core.environment:checking '/root/ros2_ws/src/asv_simulator/install/asv_simulator/lib'
[19.657s] Level 1:colcon.colcon_core.shell:create_environment_hook('asv_simulator', 'ld_library_path_lib')
[19.657s] INFO:colcon.colcon_core.shell:Creating environment hook '/root/ros2_ws/src/asv_simulator/install/asv_simulator/share/asv_simulator/hook/ld_library_path_lib.ps1'
[19.657s] INFO:colcon.colcon_core.shell:Creating environment descriptor '/root/ros2_ws/src/asv_simulator/install/asv_simulator/share/asv_simulator/hook/ld_library_path_lib.dsv'
[19.657s] INFO:colcon.colcon_core.shell:Creating environment hook '/root/ros2_ws/src/asv_simulator/install/asv_simulator/share/asv_simulator/hook/ld_library_path_lib.sh'
[19.657s] Level 1:colcon.colcon_core.environment:checking '/root/ros2_ws/src/asv_simulator/install/asv_simulator/bin'
[19.657s] Level 1:colcon.colcon_core.environment:checking '/root/ros2_ws/src/asv_simulator/install/asv_simulator/lib/pkgconfig/asv_simulator.pc'
[19.658s] Level 1:colcon.colcon_core.environment:checking '/root/ros2_ws/src/asv_simulator/install/asv_simulator/lib/python3.10/site-packages'
[19.658s] Level 1:colcon.colcon_core.environment:checking '/root/ros2_ws/src/asv_simulator/install/asv_simulator/bin'
[19.658s] INFO:colcon.colcon_core.shell:Creating package script '/root/ros2_ws/src/asv_simulator/install/asv_simulator/share/asv_simulator/package.ps1'
[19.659s] INFO:colcon.colcon_core.shell:Creating package descriptor '/root/ros2_ws/src/asv_simulator/install/asv_simulator/share/asv_simulator/package.dsv'
[19.659s] INFO:colcon.colcon_core.shell:Creating package script '/root/ros2_ws/src/asv_simulator/install/asv_simulator/share/asv_simulator/package.sh'
[19.659s] INFO:colcon.colcon_core.shell:Creating package script '/root/ros2_ws/src/asv_simulator/install/asv_simulator/share/asv_simulator/package.bash'
[19.659s] INFO:colcon.colcon_core.shell:Creating package script '/root/ros2_ws/src/asv_simulator/install/asv_simulator/share/asv_simulator/package.zsh'
[19.659s] Level 1:colcon.colcon_core.environment:create_file_with_runtime_dependencies(/root/ros2_ws/src/asv_simulator/install/asv_simulator/share/colcon-core/packages/asv_simulator)
[19.660s] DEBUG:colcon.colcon_parallel_executor.executor.parallel:closing loop
[19.660s] DEBUG:colcon.colcon_parallel_executor.executor.parallel:loop closed
[19.660s] DEBUG:colcon.colcon_parallel_executor.executor.parallel:run_until_complete finished with '0'
[19.660s] DEBUG:colcon.colcon_core.event_reactor:joining thread
[19.667s] INFO:colcon.colcon_core.plugin_system:Skipping extension 'colcon_notification.desktop_notification.notify_send': Could not find 'notify-send'
[19.667s] INFO:colcon.colcon_core.plugin_system:Skipping extension 'colcon_notification.desktop_notification.terminal_notifier': Not used on non-Darwin systems
[19.667s] INFO:colcon.colcon_core.plugin_system:Skipping extension 'colcon_notification.desktop_notification.win32': Not used on non-Windows systems
[19.667s] INFO:colcon.colcon_notification.desktop_notification:Sending desktop notification using 'notify2'
[19.671s] DEBUG:colcon.colcon_notification.desktop_notification.notify2:Failed to initialize notify2: org.freedesktop.DBus.Error.Spawn.ExecFailed: /usr/bin/dbus-launch terminated abnormally without any error message
[19.672s] DEBUG:colcon.colcon_core.event_reactor:joined thread
[19.673s] INFO:colcon.colcon_core.shell:Creating prefix script '/root/ros2_ws/src/asv_simulator/install/local_setup.ps1'
[19.677s] INFO:colcon.colcon_core.shell:Creating prefix util module '/root/ros2_ws/src/asv_simulator/install/_local_setup_util_ps1.py'
[19.678s] INFO:colcon.colcon_core.shell:Creating prefix chain script '/root/ros2_ws/src/asv_simulator/install/setup.ps1'
[19.679s] INFO:colcon.colcon_core.shell:Creating prefix script '/root/ros2_ws/src/asv_simulator/install/local_setup.sh'
[19.680s] INFO:colcon.colcon_core.shell:Creating prefix util module '/root/ros2_ws/src/asv_simulator/install/_local_setup_util_sh.py'
[19.680s] INFO:colcon.colcon_core.shell:Creating prefix chain script '/root/ros2_ws/src/asv_simulator/install/setup.sh'
[19.681s] INFO:colcon.colcon_core.shell:Creating prefix script '/root/ros2_ws/src/asv_simulator/install/local_setup.bash'
[19.682s] INFO:colcon.colcon_core.shell:Creating prefix chain script '/root/ros2_ws/src/asv_simulator/install/setup.bash'
[19.683s] INFO:colcon.colcon_core.shell:Creating prefix script '/root/ros2_ws/src/asv_simulator/install/local_setup.zsh'
[19.684s] INFO:colcon.colcon_core.shell:Creating prefix chain script '/root/ros2_ws/src/asv_simulator/install/setup.zsh'
