-- The C compiler identification is GNU 11.4.0
-- The CXX compiler identification is GNU 11.4.0
-- Detecting C compiler ABI info
-- Detecting C compiler ABI info - done
-- Check for working C compiler: /usr/bin/cc - skipped
-- Detecting C compile features
-- Detecting C compile features - done
-- Detecting CXX compiler ABI info
-- Detecting CXX compiler ABI info - done
-- Check for working CXX compiler: /usr/bin/c++ - skipped
-- Detecting CXX compile features
-- Detecting CXX compile features - done
-- Found ament_cmake: 1.3.14 (/opt/ros/humble/share/ament_cmake/cmake)
-- Found Python3: /usr/bin/python3 (found version "3.10.12") found components: Interpreter 
-- Override CMake install command with custom implementation using symlinks instead of copying resources
-- Found rclcpp: 16.0.19 (/opt/ros/humble/share/rclcpp/cmake)
-- Found rosidl_generator_c: 3.1.8 (/opt/ros/humble/share/rosidl_generator_c/cmake)
-- Found rosidl_adapter: 3.1.8 (/opt/ros/humble/share/rosidl_adapter/cmake)
-- Found rosidl_generator_cpp: 3.1.8 (/opt/ros/humble/share/rosidl_generator_cpp/cmake)
-- Using all available rosidl_typesupport_c: rosidl_typesupport_fastrtps_c;rosidl_typesupport_introspection_c
-- Using all available rosidl_typesupport_cpp: rosidl_typesupport_fastrtps_cpp;rosidl_typesupport_introspection_cpp
-- Found rmw_implementation_cmake: 6.1.2 (/opt/ros/humble/share/rmw_implementation_cmake/cmake)
-- Found rmw_fastrtps_cpp: 6.2.10 (/opt/ros/humble/share/rmw_fastrtps_cpp/cmake)
-- Found OpenSSL: /usr/lib/x86_64-linux-gnu/libcrypto.so (found version "3.0.2")  
-- Found FastRTPS: /opt/ros/humble/include  
-- Using RMW implementation 'rmw_fastrtps_cpp' as default
-- Looking for pthread.h
-- Looking for pthread.h - found
-- Performing Test CMAKE_HAVE_LIBC_PTHREAD
-- Performing Test CMAKE_HAVE_LIBC_PTHREAD - Success
-- Found Threads: TRUE  
-- Found rclpy: 3.3.21 (/opt/ros/humble/share/rclpy/cmake)
-- Found ros_gz_sim: 0.244.12 (/opt/ros/humble/share/ros_gz_sim/cmake)
-- Found ros_gz_bridge: 0.244.12 (/opt/ros/humble/share/ros_gz_bridge/cmake)
-- Looking for gz-sim8 -- found version 8.12.0
-- Searching for dependencies of gz-sim8
-- Looking for sdformat14 -- found version 14.9.0
-- Searching for dependencies of sdformat14
-- Checking for module 'tinyxml2'
--   Found tinyxml2, version 9.0.0
-- Looking for gz-math7 -- found version 7.6.0
-- Searching for dependencies of gz-math7
-- Looking for gz-utils2 -- found version 2.2.1
-- Searching for dependencies of gz-utils2
-- Looking for gz-utils2 -- found version 2.2.1
-- Searching for dependencies of gz-utils2
-- Searching for <gz-utils2> component [cli]
-- Looking for gz-utils2-cli -- found version 2.2.1
-- Searching for dependencies of gz-utils2-cli
-- Looking for gz-plugin2 -- found version 2.0.4
-- Searching for dependencies of gz-plugin2
-- Looking for gz-utils2 -- found version 2.2.1
-- Searching for <gz-plugin2> component [loader]
-- Looking for gz-plugin2-loader -- found version 2.0.4
-- Searching for dependencies of gz-plugin2-loader
-- Searching for <gz-plugin2> component [register]
-- Looking for gz-plugin2-register -- found version 2.0.4
-- Searching for dependencies of gz-plugin2-register
-- Looking for gz-transport13 -- found version 13.5.0
-- Searching for dependencies of gz-transport13
-- Found Protobuf: /usr/lib/x86_64-linux-gnu/libprotobuf.so (found version "3.12.4") 
-- Config-file not installed for ZeroMQ -- checking for pkg-config
-- Checking for module 'libzmq >= 4'
--   Found libzmq , version 4.3.4
-- Found ZeroMQ: TRUE (Required is at least version "4") 
-- Checking for module 'uuid'
--   Found uuid, version 2.37.2
-- Found UUID: TRUE  
-- Looking for gz-utils2 -- found version 2.2.1
-- Looking for gz-msgs10 -- found version 10.3.2
-- Searching for dependencies of gz-msgs10
-- Looking for gz-utils2 -- found version 2.2.1
-- Looking for gz-math7 -- found version 7.6.0
-- Searching for <gz-transport13> component [log]
-- Looking for gz-transport13-log -- found version 13.5.0
-- Searching for dependencies of gz-transport13-log
-- Searching for <gz-transport13> component [parameters]
-- Looking for gz-transport13-parameters -- found version 13.5.0
-- Searching for dependencies of gz-transport13-parameters
-- Looking for gz-msgs10 -- found version 10.3.2
-- Looking for gz-common5 -- found version 5.8.0
-- Searching for dependencies of gz-common5
-- Looking for gz-utils2 -- found version 2.2.1
-- Looking for dlfcn.h - found
-- Looking for libdl - found
-- Found DL: TRUE  
-- Searching for <gz-common5> component [av]
-- Looking for gz-common5-av -- found version 5.8.0
-- Searching for dependencies of gz-common5-av
-- Checking for module 'libswscale'
--   Found libswscale, version 5.9.100
-- Found SWSCALE: TRUE  
-- Checking for module 'libavdevice >= 56.4.100'
--   Found libavdevice , version 58.13.100
-- Found AVDEVICE: TRUE (Required is at least version "56.4.100") 
-- Checking for module 'libavformat'
--   Found libavformat, version 58.76.100
-- Found AVFORMAT: TRUE  
-- Checking for module 'libavcodec'
--   Found libavcodec, version 58.134.100
-- Found AVCODEC: TRUE  
-- Checking for module 'libavutil'
--   Found libavutil, version 56.70.100
-- Found AVUTIL: TRUE  
-- Searching for <gz-common5> component [events]
-- Looking for gz-common5-events -- found version 5.8.0
-- Searching for dependencies of gz-common5-events
-- Looking for gz-math7 -- found version 7.6.0
-- Searching for <gz-common5> component [graphics]
-- Looking for gz-common5-graphics -- found version 5.8.0
-- Searching for dependencies of gz-common5-graphics
-- Looking for gz-math7 -- found version 7.6.0
-- Found GzAssimp: TRUE (found version "5.2.0") 
-- Searching for <gz-common5> component [io]
-- Looking for gz-common5-io -- found version 5.8.0
-- Searching for dependencies of gz-common5-io
-- Searching for <gz-common5> component [profiler]
-- Looking for gz-common5-profiler -- found version 5.8.0
-- Searching for dependencies of gz-common5-profiler
-- Looking for gz-fuel_tools9 -- found version 9.1.1
-- Searching for dependencies of gz-fuel_tools9
-- Found CURL: /usr/lib/x86_64-linux-gnu/libcurl.so (found version "7.81.0")  
-- Checking for module 'jsoncpp'
--   Found jsoncpp, version 1.9.5
-- Found JSONCPP: TRUE  
-- Checking for module 'libzip'
--   Found libzip, version 1.7.3
-- Found ZIP: TRUE  
-- Looking for gz-utils2 -- found version 2.2.1
-- Looking for gz-common5 -- found version 5.8.0
-- Searching for dependencies of gz-common5
-- Looking for gz-utils2 -- found version 2.2.1
-- Looking for dlfcn.h - found
-- Looking for libdl - found
-- Searching for <gz-common5> component [testing]
-- Looking for gz-common5-testing -- found version 5.8.0
-- Searching for dependencies of gz-common5-testing
-- Looking for gz-math7 -- found version 7.6.0
-- Looking for gz-msgs10 -- found version 10.3.2
-- Looking for gz-gui8 -- found version 8.4.0
-- Searching for dependencies of gz-gui8
-- Looking for gz-utils2 -- found version 2.2.1
-- Looking for gz-math7 -- found version 7.6.0
-- Looking for gz-common5 -- found version 5.8.0
-- Looking for gz-plugin2 -- found version 2.0.4
-- Looking for gz-transport13 -- found version 13.5.0
-- Looking for gz-rendering8 -- found version 8.2.3
-- Searching for dependencies of gz-rendering8
-- Looking for gz-math7 -- found version 7.6.0
-- Searching for dependencies of gz-math7
-- Looking for gz-utils2 -- found version 2.2.1
-- Searching for <gz-math7> component [eigen3]
-- Looking for gz-math7-eigen3 -- found version 7.6.0
-- Searching for dependencies of gz-math7-eigen3
-- Looking for gz-common5 -- found version 5.8.0
-- Searching for dependencies of gz-common5
-- Looking for gz-utils2 -- found version 2.2.1
-- Looking for dlfcn.h - found
-- Looking for libdl - found
-- Searching for <gz-common5> component [graphics]
-- Searching for <gz-common5> component [events]
-- Searching for <gz-common5> component [geospatial]
-- Looking for gz-common5-geospatial -- found version 5.8.0
-- Searching for dependencies of gz-common5-geospatial
-- Looking for gz-math7 -- found version 7.6.0
-- Looking for gz-common5 -- found version 5.8.0
-- Looking for gz-plugin2 -- found version 2.0.4
-- Searching for dependencies of gz-plugin2
-- Looking for gz-utils2 -- found version 2.2.1
-- Searching for <gz-plugin2> component [all]
-- Looking for all libraries of gz-plugin2 -- found version 2.0.4
-- Looking for gz-plugin2 -- found version 2.0.4
-- Looking for gz-utils2 -- found version 2.2.1
-- Found OpenGL: /usr/lib/x86_64-linux-gnu/libOpenGL.so  found components: OpenGL 
-- Looking for gz-msgs10 -- found version 10.3.2
-- Looking for gz-physics7 -- found version 7.7.0
-- Searching for dependencies of gz-physics7
-- Looking for gz-common5 -- found version 5.8.0
-- Looking for gz-math7 -- found version 7.6.0
-- Looking for gz-plugin2 -- found version 2.0.4
-- Looking for gz-utils2 -- found version 2.2.1
-- Searching for <gz-physics7> component [heightmap]
-- Looking for gz-physics7-heightmap -- found version 7.7.0
-- Searching for dependencies of gz-physics7-heightmap
-- Looking for gz-common5 -- found version 5.8.0
-- Searching for <gz-physics7> component [mesh]
-- Looking for gz-physics7-mesh -- found version 7.7.0
-- Searching for dependencies of gz-physics7-mesh
-- Looking for gz-common5 -- found version 5.8.0
-- Searching for <gz-physics7> component [sdf]
-- Looking for gz-physics7-sdf -- found version 7.7.0
-- Searching for dependencies of gz-physics7-sdf
-- Looking for sdformat14 -- found version 14.9.0
-- Looking for gz-sensors8 -- found version 8.2.2
-- Searching for dependencies of gz-sensors8
-- Looking for gz-math7 -- found version 7.6.0
-- Looking for gz-common5 -- found version 5.8.0
-- Looking for gz-transport13 -- found version 13.5.0
-- Looking for gz-rendering8 -- found version 8.2.3
-- Looking for gz-msgs10 -- found version 10.3.2
-- Looking for sdformat14 -- found version 14.9.0
-- Searching for <gz-sensors8> component [air_pressure]
-- Looking for gz-sensors8-air_pressure -- found version 8.2.2
-- Searching for dependencies of gz-sensors8-air_pressure
-- Searching for <gz-sensors8> component [air_speed]
-- Looking for gz-sensors8-air_speed -- found version 8.2.2
-- Searching for dependencies of gz-sensors8-air_speed
-- Searching for <gz-sensors8> component [altimeter]
-- Looking for gz-sensors8-altimeter -- found version 8.2.2
-- Searching for dependencies of gz-sensors8-altimeter
-- Searching for <gz-sensors8> component [imu]
-- Looking for gz-sensors8-imu -- found version 8.2.2
-- Searching for dependencies of gz-sensors8-imu
-- Searching for <gz-sensors8> component [force_torque]
-- Looking for gz-sensors8-force_torque -- found version 8.2.2
-- Searching for dependencies of gz-sensors8-force_torque
-- Searching for <gz-sensors8> component [logical_camera]
-- Looking for gz-sensors8-logical_camera -- found version 8.2.2
-- Searching for dependencies of gz-sensors8-logical_camera
-- Searching for <gz-sensors8> component [magnetometer]
-- Looking for gz-sensors8-magnetometer -- found version 8.2.2
-- Searching for dependencies of gz-sensors8-magnetometer
-- Searching for <gz-sensors8> component [navsat]
-- Looking for gz-sensors8-navsat -- found version 8.2.2
-- Searching for dependencies of gz-sensors8-navsat
-- Searching for <gz-sensors8> component [dvl]
-- Looking for gz-sensors8-dvl -- found version 8.2.2
-- Searching for dependencies of gz-sensors8-dvl
-- Looking for gz-sensors8 -- found version 8.2.2
-- Searching for dependencies of gz-sensors8
-- Looking for gz-math7 -- found version 7.6.0
-- Looking for gz-common5 -- found version 5.8.0
-- Looking for gz-transport13 -- found version 13.5.0
-- Looking for gz-rendering8 -- found version 8.2.3
-- Looking for gz-msgs10 -- found version 10.3.2
-- Looking for sdformat14 -- found version 14.9.0
-- Searching for <gz-sensors8> component [rendering]
-- Looking for gz-sensors8-rendering -- found version 8.2.2
-- Searching for dependencies of gz-sensors8-rendering
-- Searching for <gz-sensors8> component [rendering]
-- Searching for <gz-sensors8> component [lidar]
-- Looking for gz-sensors8-lidar -- found version 8.2.2
-- Searching for dependencies of gz-sensors8-lidar
-- Looking for gz-sensors8 -- found version 8.2.2
-- Searching for <gz-sensors8> component [gpu_lidar]
-- Looking for gz-sensors8-gpu_lidar -- found version 8.2.2
-- Searching for dependencies of gz-sensors8-gpu_lidar
-- Looking for gz-sensors8 -- found version 8.2.2
-- Searching for <gz-sensors8> component [camera]
-- Looking for gz-sensors8-camera -- found version 8.2.2
-- Searching for dependencies of gz-sensors8-camera
-- Looking for gz-sensors8 -- found version 8.2.2
-- Searching for <gz-sensors8> component [boundingbox_camera]
-- Looking for gz-sensors8-boundingbox_camera -- found version 8.2.2
-- Searching for dependencies of gz-sensors8-boundingbox_camera
-- Searching for <gz-sensors8> component [segmentation_camera]
-- Looking for gz-sensors8-segmentation_camera -- found version 8.2.2
-- Searching for dependencies of gz-sensors8-segmentation_camera
-- Searching for <gz-sensors8> component [depth_camera]
-- Looking for gz-sensors8-depth_camera -- found version 8.2.2
-- Searching for dependencies of gz-sensors8-depth_camera
-- Looking for gz-sensors8 -- found version 8.2.2
-- Searching for <gz-sensors8> component [rgbd_camera]
-- Looking for gz-sensors8-rgbd_camera -- found version 8.2.2
-- Searching for dependencies of gz-sensors8-rgbd_camera
-- Looking for gz-sensors8 -- found version 8.2.2
-- Searching for <gz-sensors8> component [thermal_camera]
-- Looking for gz-sensors8-thermal_camera -- found version 8.2.2
-- Searching for dependencies of gz-sensors8-thermal_camera
-- Looking for gz-sensors8 -- found version 8.2.2
-- Searching for <gz-sensors8> component [wide_angle_camera]
-- Looking for gz-sensors8-wide_angle_camera -- found version 8.2.2
-- Searching for dependencies of gz-sensors8-wide_angle_camera
-- Looking for gz-rendering8 -- found version 8.2.3
-- Looking for gz-math7 -- found version 7.6.0
-- Looking for gz-utils2 -- found version 2.2.1
-- Looking for gz-common5 -- found version 5.8.0
-- Looking for gz-fuel_tools9 -- found version 9.1.1
-- Looking for gz-math7 -- found version 7.6.0
-- Looking for gz-msgs10 -- found version 10.3.2
-- Looking for gz-transport13 -- found version 13.5.0
-- Looking for gz-plugin2 -- found version 2.0.4
-- Looking for gz-rendering8 -- found version 8.2.3
-- Looking for gz-sensors8 -- found version 8.2.2
-- Looking for gz-utils2 -- found version 2.2.1
-- Looking for sdformat14 -- found version 14.9.0
-- Found ament_lint_auto: 0.12.15 (/opt/ros/humble/share/ament_lint_auto/cmake)
-- Added test 'cppcheck' to perform static code analysis on C / C++ code
-- Configured cppcheck include dirs: $<BUILD_INTERFACE:/root/ros2_ws/src/asv_simulator/include>
-- Configured cppcheck exclude dirs and/or files: 
-- Added test 'flake8' to check Python code syntax and style conventions
-- Added test 'lint_cmake' to check CMake code style
-- Added test 'pep257' to check Python code against some of the docstring style conventions in PEP 257
-- Added test 'uncrustify' to check C / C++ code style
-- Configured uncrustify additional arguments: 
-- Added test 'xmllint' to check XML markup files
-- Configuring done
-- Generating done
-- Build files have been written to: /root/ros2_ws/src/asv_simulator/build/asv_simulator
[ 10%] [32mBuilding CXX object CMakeFiles/Waves.dir/plugins/Wavefield.cc.o[0m
[01m[K/root/ros2_ws/src/asv_simulator/plugins/Wavefield.cc:[m[K In constructor ‘[01m[Kasv::WavefieldPrivate::WavefieldPrivate()[m[K’:
[01m[K/root/ros2_ws/src/asv_simulator/plugins/Wavefield.cc:137:18:[m[K [01;35m[Kwarning: [m[K‘[01m[Kasv::WavefieldPrivate::wavenumber[m[K’ will be initialized after [[01;35m[K-Wreorder[m[K]
  137 |   public: double [01;35m[Kwavenumber[m[K;
      |                  [01;35m[K^~~~~~~~~~[m[K
[01m[K/root/ros2_ws/src/asv_simulator/plugins/Wavefield.cc:125:18:[m[K [01;35m[Kwarning: [m[K  ‘[01m[Kdouble asv::WavefieldPrivate::tau[m[K’ [[01;35m[K-Wreorder[m[K]
  125 |   public: double [01;35m[Ktau[m[K;
      |                  [01;35m[K^~~[m[K
[01m[K/root/ros2_ws/src/asv_simulator/plugins/Wavefield.cc:50:11:[m[K [01;35m[Kwarning: [m[K  when initialized here [[01;35m[K-Wreorder[m[K]
   50 |   public: [01;35m[KWavefieldPrivate[m[K():
      |           [01;35m[K^~~~~~~~~~~~~~~~[m[K
/root/ros2_ws/src/asv_simulator/plugins/Wavefield.cc: In instantiation of ‘[01m[Kasv::Wavefield::ComputeDepthDirectly(const Vector3d&, double, double)::<lambda(auto:24, auto:25, auto:26, auto:27&, auto:28&, auto:29&)> [with auto:24 = Eigen::Matrix<double, 2, 1>; auto:25 = Eigen::Matrix<double, 2, 1>; auto:26 = double; auto:27 = asv::Wavefield::ComputeDepthDirectly(const Vector3d&, double, double)::WaveParams; auto:28 = Eigen::Matrix<double, 2, 1>; auto:29 = Eigen::Matrix<double, 2, 2>][m[K’:
[01m[K/root/ros2_ws/src/asv_simulator/plugins/Wavefield.cc:852:18:[m[K   required from ‘[01m[Kasv::Wavefield::ComputeDepthDirectly(const Vector3d&, double, double)::<lambda(auto:30&, auto:31, auto:32, auto:33, auto:34&, auto:35, auto:36)> [with auto:30 = asv::Wavefield::ComputeDepthDirectly(const Vector3d&, double, double)::<lambda(auto:24, auto:25, auto:26, auto:27&, auto:28&, auto:29&)>; auto:31 = Eigen::Matrix<double, 2, 1>; auto:32 = Eigen::Matrix<double, 2, 1>; auto:33 = double; auto:34 = asv::Wavefield::ComputeDepthDirectly(const Vector3d&, double, double)::WaveParams; auto:35 = double; auto:36 = double][m[K’
[01m[K/root/ros2_ws/src/asv_simulator/plugins/Wavefield.cc:877:27:[m[K   required from here
[01m[K/root/ros2_ws/src/asv_simulator/plugins/Wavefield.cc:809:26:[m[K [01;35m[Kwarning: [m[Kcomparison of integer expressions of different signedness: ‘[01m[Kint[m[K’ and ‘[01m[Kconst size_t[m[K’ {aka ‘[01m[Kconst long unsigned int[m[K’} [[01;35m[K-Wsign-compare[m[K]
  809 |     for (auto&& i = 0; [01;35m[Ki < n[m[K; ++i) // NOLINT
      |                        [01;35m[K~~^~~[m[K
[ 20%] [32m[1mLinking CXX shared library libASVWaves.so[0m
[ 20%] Built target Waves
[ 30%] [32mBuilding CXX object CMakeFiles/Surface.dir/plugins/Surface.cc.o[0m
[ 40%] [32mBuilding CXX object CMakeFiles/PolyhedraBuoyancyDrag.dir/plugins/PolyhedraBuoyancyDrag.cc.o[0m
[ 50%] [32mBuilding CXX object CMakeFiles/WaveVisual.dir/plugins/WaveVisual.cc.o[0m
[ 60%] [32mBuilding CXX object CMakeFiles/PolyhedraBuoyancyDrag.dir/plugins/PolyhedronVolume.cc.o[0m
[ 70%] [32mBuilding CXX object CMakeFiles/PolyhedraBuoyancyDrag.dir/plugins/ShapeVolume.cc.o[0m
In file included from [01m[K/usr/include/c++/11/cassert:44[m[K,
                 from [01m[K/root/ros2_ws/src/asv_simulator/plugins/PolyhedronVolume.cc:18[m[K:
[01m[K/root/ros2_ws/src/asv_simulator/plugins/PolyhedronVolume.cc:[m[K In static member function ‘[01m[Kstatic asv::Polyhedron asv::Polyhedron::makeCylinder(double, double, int)[m[K’:
[01m[K/root/ros2_ws/src/asv_simulator/plugins/PolyhedronVolume.cc:126:35:[m[K [01;35m[Kwarning: [m[Kcomparison of integer expressions of different signedness: ‘[01m[Kstd::vector<gz::math::v7::Vector3<double> >::size_type[m[K’ {aka ‘[01m[Klong unsigned int[m[K’} and ‘[01m[Kint[m[K’ [[01;35m[K-Wsign-compare[m[K]
  126 |   assert([01;35m[Kcylinder.vertices.size() == 2 * _n + 2[m[K);
      |          [01;35m[K~~~~~~~~~~~~~~~~~~~~~~~~~^~~~~~~~~~~~~[m[K
[01m[K/root/ros2_ws/src/asv_simulator/plugins/PolyhedronVolume.cc:127:32:[m[K [01;35m[Kwarning: [m[Kcomparison of integer expressions of different signedness: ‘[01m[Kstd::vector<asv::Polyhedron::Face>::size_type[m[K’ {aka ‘[01m[Klong unsigned int[m[K’} and ‘[01m[Kint[m[K’ [[01;35m[K-Wsign-compare[m[K]
  127 |   assert([01;35m[Kcylinder.faces.size() == 4 * _n[m[K);
      |          [01;35m[K~~~~~~~~~~~~~~~~~~~~~~^~~~~~~~~[m[K
[ 80%] [32m[1mLinking CXX shared library libASVWaveVisual.so[0m
[ 80%] Built target WaveVisual
[ 90%] [32m[1mLinking CXX shared library libASVPolyhedraBuoyancyDrag.so[0m
[100%] [32m[1mLinking CXX shared library libASVSurface.so[0m
[100%] Built target PolyhedraBuoyancyDrag
[100%] Built target Surface
-- Install configuration: ""
-- Execute custom install script
-- Symlinking: /root/ros2_ws/src/asv_simulator/install/asv_simulator/lib/libASVWaves.so
-- Symlinking: /root/ros2_ws/src/asv_simulator/install/asv_simulator/lib/libASVSurface.so
-- Symlinking: /root/ros2_ws/src/asv_simulator/install/asv_simulator/lib/libASVWaveVisual.so
-- Symlinking: /root/ros2_ws/src/asv_simulator/install/asv_simulator/lib/libASVPolyhedraBuoyancyDrag.so
-- Symlinking: /root/ros2_ws/src/asv_simulator/install/asv_simulator/lib/asv_simulator/virtual_sonar.py
-- Symlinking: /root/ros2_ws/src/asv_simulator/install/asv_simulator/share/asv_simulator/launch/sim.launch.py
-- Symlinking: /root/ros2_ws/src/asv_simulator/install/asv_simulator/share/asv_simulator/models/depths/meshes/depth.stl
-- Symlinking: /root/ros2_ws/src/asv_simulator/install/asv_simulator/share/asv_simulator/models/depths/model.config
-- Symlinking: /root/ros2_ws/src/asv_simulator/install/asv_simulator/share/asv_simulator/models/harbour/meshes/map.stl
-- Symlinking: /root/ros2_ws/src/asv_simulator/install/asv_simulator/share/asv_simulator/models/harbour/model.config
-- Symlinking: /root/ros2_ws/src/asv_simulator/install/asv_simulator/share/asv_simulator/models/harbour/model.sdf
-- Symlinking: /root/ros2_ws/src/asv_simulator/install/asv_simulator/share/asv_simulator/models/vessel_v1/model.config
-- Symlinking: /root/ros2_ws/src/asv_simulator/install/asv_simulator/share/asv_simulator/models/vessel_v1/vessel_v1.sdf
-- Symlinking: /root/ros2_ws/src/asv_simulator/install/asv_simulator/share/asv_simulator/models/vessel_v2/meshes/vessel_propeller_simplified.stl
-- Symlinking: /root/ros2_ws/src/asv_simulator/install/asv_simulator/share/asv_simulator/models/vessel_v2/meshes/vessel_simplified.stl
-- Symlinking: /root/ros2_ws/src/asv_simulator/install/asv_simulator/share/asv_simulator/models/vessel_v2/model.config
-- Symlinking: /root/ros2_ws/src/asv_simulator/install/asv_simulator/share/asv_simulator/models/vessel_v2/vessel_v2.sdf
-- Symlinking: /root/ros2_ws/src/asv_simulator/install/asv_simulator/share/asv_simulator/models/vessel_v3/meshes/vessel_propeller_simplified.stl
-- Symlinking: /root/ros2_ws/src/asv_simulator/install/asv_simulator/share/asv_simulator/models/vessel_v3/meshes/vessel_simplified.stl
-- Symlinking: /root/ros2_ws/src/asv_simulator/install/asv_simulator/share/asv_simulator/models/vessel_v3/model.config
-- Symlinking: /root/ros2_ws/src/asv_simulator/install/asv_simulator/share/asv_simulator/models/vessel_v3/vessel_v3.sdf
-- Symlinking: /root/ros2_ws/src/asv_simulator/install/asv_simulator/share/asv_simulator/urdf/vessel_v2.urdf
-- Symlinking: /root/ros2_ws/src/asv_simulator/install/asv_simulator/share/asv_simulator/configs/depth_map.tif
-- Symlinking: /root/ros2_ws/src/asv_simulator/install/asv_simulator/share/asv_simulator/configs/internal_bay_deposit_resampled.tif
-- Symlinking: /root/ros2_ws/src/asv_simulator/install/asv_simulator/share/asv_simulator/configs/vessel_viz.rviz
-- Symlinking: /root/ros2_ws/src/asv_simulator/install/asv_simulator/share/asv_simulator/worlds/depth_gazebo_513_bit_clean.png
-- Symlinking: /root/ros2_ws/src/asv_simulator/install/asv_simulator/share/asv_simulator/worlds/depth_map_513_16bit.png
-- Symlinking: /root/ros2_ws/src/asv_simulator/install/asv_simulator/share/asv_simulator/worlds/depth_map_513_8bit.png
-- Symlinking: /root/ros2_ws/src/asv_simulator/install/asv_simulator/share/asv_simulator/worlds/ocean_world.sdf
-- Symlinking: /root/ros2_ws/src/asv_simulator/install/asv_simulator/share/asv_simulator/worlds/ocean_world_waves.sdf
-- Symlinking: /root/ros2_ws/src/asv_simulator/install/asv_simulator/share/asv_simulator/include/asv_simulator/PolyhedraBuoyancyDrag.hh
-- Symlinking: /root/ros2_ws/src/asv_simulator/install/asv_simulator/share/asv_simulator/include/asv_simulator/PolyhedronVolume.hh
-- Symlinking: /root/ros2_ws/src/asv_simulator/install/asv_simulator/share/asv_simulator/include/asv_simulator/ShapeVolume.hh
-- Symlinking: /root/ros2_ws/src/asv_simulator/install/asv_simulator/share/asv_simulator/include/asv_simulator/Surface.hh
-- Symlinking: /root/ros2_ws/src/asv_simulator/install/asv_simulator/share/asv_simulator/include/asv_simulator/WaveVisual.hh
-- Symlinking: /root/ros2_ws/src/asv_simulator/install/asv_simulator/share/asv_simulator/include/asv_simulator/Wavefield.hh
-- Symlinking: /root/ros2_ws/src/asv_simulator/install/asv_simulator/share/asv_simulator/include/depth_table.csv
-- Symlinking: /root/ros2_ws/src/asv_simulator/install/asv_simulator/share/ament_index/resource_index/package_run_dependencies/asv_simulator
-- Symlinking: /root/ros2_ws/src/asv_simulator/install/asv_simulator/share/ament_index/resource_index/parent_prefix_path/asv_simulator
-- Symlinking: /root/ros2_ws/src/asv_simulator/install/asv_simulator/share/asv_simulator/environment/ament_prefix_path.sh
-- Symlinking: /root/ros2_ws/src/asv_simulator/install/asv_simulator/share/asv_simulator/environment/ament_prefix_path.dsv
-- Symlinking: /root/ros2_ws/src/asv_simulator/install/asv_simulator/share/asv_simulator/environment/path.sh
-- Symlinking: /root/ros2_ws/src/asv_simulator/install/asv_simulator/share/asv_simulator/environment/path.dsv
-- Symlinking: /root/ros2_ws/src/asv_simulator/install/asv_simulator/share/asv_simulator/local_setup.bash
-- Symlinking: /root/ros2_ws/src/asv_simulator/install/asv_simulator/share/asv_simulator/local_setup.sh
-- Symlinking: /root/ros2_ws/src/asv_simulator/install/asv_simulator/share/asv_simulator/local_setup.zsh
-- Symlinking: /root/ros2_ws/src/asv_simulator/install/asv_simulator/share/asv_simulator/local_setup.dsv
-- Symlinking: /root/ros2_ws/src/asv_simulator/install/asv_simulator/share/asv_simulator/package.dsv
-- Symlinking: /root/ros2_ws/src/asv_simulator/install/asv_simulator/share/ament_index/resource_index/packages/asv_simulator
-- Symlinking: /root/ros2_ws/src/asv_simulator/install/asv_simulator/share/asv_simulator/cmake/asv_simulatorConfig.cmake
-- Symlinking: /root/ros2_ws/src/asv_simulator/install/asv_simulator/share/asv_simulator/cmake/asv_simulatorConfig-version.cmake
-- Symlinking: /root/ros2_ws/src/asv_simulator/install/asv_simulator/share/asv_simulator/package.xml
