[0.018s] Invoking command in '/root/ros2_ws/src/asv_simulator/build/asv_simulator': CMAKE_PREFIX_PATH=${CMAKE_PREFIX_PATH}:/root/ros2_ws/install/map2gazebo:/opt/ros/humble /usr/bin/cmake /root/ros2_ws/src/asv_simulator -DAMENT_CMAKE_SYMLINK_INSTALL=1 -DCMAKE_INSTALL_PREFIX=/root/ros2_ws/src/asv_simulator/install/asv_simulator
[0.154s] -- The C compiler identification is GNU 11.4.0
[0.258s] -- The CXX compiler identification is GNU 11.4.0
[0.279s] -- Detecting C compiler ABI info
[0.402s] -- Detecting C compiler ABI info - done
[0.410s] -- Check for working C compiler: /usr/bin/cc - skipped
[0.411s] -- Detecting C compile features
[0.413s] -- Detecting C compile features - done
[0.422s] -- Detecting CXX compiler ABI info
[0.615s] -- Detecting CXX compiler ABI info - done
[0.627s] -- Check for working CXX compiler: /usr/bin/c++ - skipped
[0.628s] -- Detecting CXX compile features
[0.629s] -- Detecting CXX compile features - done
[0.654s] -- Found ament_cmake: 1.3.14 (/opt/ros/humble/share/ament_cmake/cmake)
[0.948s] -- Found Python3: /usr/bin/python3 (found version "3.10.12") found components: Interpreter 
[1.106s] -- Override CMake install command with custom implementation using symlinks instead of copying resources
[1.186s] -- Found rclcpp: 16.0.19 (/opt/ros/humble/share/rclcpp/cmake)
[1.275s] -- Found rosidl_generator_c: 3.1.8 (/opt/ros/humble/share/rosidl_generator_c/cmake)
[1.284s] -- Found rosidl_adapter: 3.1.8 (/opt/ros/humble/share/rosidl_adapter/cmake)
[1.310s] -- Found rosidl_generator_cpp: 3.1.8 (/opt/ros/humble/share/rosidl_generator_cpp/cmake)
[1.343s] -- Using all available rosidl_typesupport_c: rosidl_typesupport_fastrtps_c;rosidl_typesupport_introspection_c
[1.389s] -- Using all available rosidl_typesupport_cpp: rosidl_typesupport_fastrtps_cpp;rosidl_typesupport_introspection_cpp
[1.504s] -- Found rmw_implementation_cmake: 6.1.2 (/opt/ros/humble/share/rmw_implementation_cmake/cmake)
[1.513s] -- Found rmw_fastrtps_cpp: 6.2.10 (/opt/ros/humble/share/rmw_fastrtps_cpp/cmake)
[1.700s] -- Found OpenSSL: /usr/lib/x86_64-linux-gnu/libcrypto.so (found version "3.0.2")  
[1.734s] -- Found FastRTPS: /opt/ros/humble/include  
[1.813s] -- Using RMW implementation 'rmw_fastrtps_cpp' as default
[1.834s] -- Looking for pthread.h
[1.987s] -- Looking for pthread.h - found
[1.987s] -- Performing Test CMAKE_HAVE_LIBC_PTHREAD
[2.123s] -- Performing Test CMAKE_HAVE_LIBC_PTHREAD - Success
[2.125s] -- Found Threads: TRUE  
[2.224s] -- Found rclpy: 3.3.21 (/opt/ros/humble/share/rclpy/cmake)
[2.228s] -- Found ros_gz_sim: 0.244.12 (/opt/ros/humble/share/ros_gz_sim/cmake)
[2.233s] -- Found ros_gz_bridge: 0.244.12 (/opt/ros/humble/share/ros_gz_bridge/cmake)
[2.510s] -- Looking for gz-sim8 -- found version 8.12.0
[2.521s] -- Searching for dependencies of gz-sim8
[2.523s] -- Looking for sdformat14 -- found version 14.9.0
[2.523s] -- Searching for dependencies of sdformat14
[2.537s] -- Checking for module 'tinyxml2'
[2.571s] --   Found tinyxml2, version 9.0.0
[2.630s] -- Looking for gz-math7 -- found version 7.6.0
[2.631s] -- Searching for dependencies of gz-math7
[2.634s] -- Looking for gz-utils2 -- found version 2.2.1
[2.634s] -- Searching for dependencies of gz-utils2
[2.636s] -- Looking for gz-utils2 -- found version 2.2.1
[2.636s] -- Searching for dependencies of gz-utils2
[2.636s] -- Searching for <gz-utils2> component [cli]
[2.642s] -- Looking for gz-utils2-cli -- found version 2.2.1
[2.642s] -- Searching for dependencies of gz-utils2-cli
[2.650s] -- Looking for gz-plugin2 -- found version 2.0.4
[2.650s] -- Searching for dependencies of gz-plugin2
[2.651s] -- Looking for gz-utils2 -- found version 2.2.1
[2.652s] -- Searching for <gz-plugin2> component [loader]
[2.662s] -- Looking for gz-plugin2-loader -- found version 2.0.4
[2.662s] -- Searching for dependencies of gz-plugin2-loader
[2.664s] -- Searching for <gz-plugin2> component [register]
[2.671s] -- Looking for gz-plugin2-register -- found version 2.0.4
[2.671s] -- Searching for dependencies of gz-plugin2-register
[2.680s] -- Looking for gz-transport13 -- found version 13.5.0
[2.680s] -- Searching for dependencies of gz-transport13
[2.713s] -- Found Protobuf: /usr/lib/x86_64-linux-gnu/libprotobuf.so (found version "3.12.4") 
[2.731s] -- Config-file not installed for ZeroMQ -- checking for pkg-config
[2.739s] -- Checking for module 'libzmq >= 4'
[2.770s] --   Found libzmq , version 4.3.4
[2.822s] -- Found ZeroMQ: TRUE (Required is at least version "4") 
[2.836s] -- Checking for module 'uuid'
[2.858s] --   Found uuid, version 2.37.2
[2.915s] -- Found UUID: TRUE  
[2.915s] -- Looking for gz-utils2 -- found version 2.2.1
[2.920s] -- Looking for gz-msgs10 -- found version 10.3.2
[2.921s] -- Searching for dependencies of gz-msgs10
[2.947s] -- Looking for gz-utils2 -- found version 2.2.1
[2.948s] -- Looking for gz-math7 -- found version 7.6.0
[2.967s] -- Searching for <gz-transport13> component [log]
[2.970s] -- Looking for gz-transport13-log -- found version 13.5.0
[2.970s] -- Searching for dependencies of gz-transport13-log
[2.971s] -- Searching for <gz-transport13> component [parameters]
[2.974s] -- Looking for gz-transport13-parameters -- found version 13.5.0
[2.974s] -- Searching for dependencies of gz-transport13-parameters
[2.975s] -- Looking for gz-msgs10 -- found version 10.3.2
[2.981s] -- Looking for gz-common5 -- found version 5.8.0
[2.981s] -- Searching for dependencies of gz-common5
[2.982s] -- Looking for gz-utils2 -- found version 2.2.1
[2.982s] -- Looking for dlfcn.h - found
[2.983s] -- Looking for libdl - found
[2.985s] -- Found DL: TRUE  
[2.996s] -- Searching for <gz-common5> component [av]
[3.002s] -- Looking for gz-common5-av -- found version 5.8.0
[3.002s] -- Searching for dependencies of gz-common5-av
[3.011s] -- Checking for module 'libswscale'
[3.028s] --   Found libswscale, version 5.9.100
[3.097s] -- Found SWSCALE: TRUE  
[3.109s] -- Checking for module 'libavdevice >= 56.4.100'
[3.131s] --   Found libavdevice , version 58.13.100
[3.202s] -- Found AVDEVICE: TRUE (Required is at least version "56.4.100") 
[3.213s] -- Checking for module 'libavformat'
[3.234s] --   Found libavformat, version 58.76.100
[3.299s] -- Found AVFORMAT: TRUE  
[3.306s] -- Checking for module 'libavcodec'
[3.330s] --   Found libavcodec, version 58.134.100
[3.400s] -- Found AVCODEC: TRUE  
[3.417s] -- Checking for module 'libavutil'
[3.438s] --   Found libavutil, version 56.70.100
[3.504s] -- Found AVUTIL: TRUE  
[3.505s] -- Searching for <gz-common5> component [events]
[3.512s] -- Looking for gz-common5-events -- found version 5.8.0
[3.513s] -- Searching for dependencies of gz-common5-events
[3.514s] -- Looking for gz-math7 -- found version 7.6.0
[3.515s] -- Searching for <gz-common5> component [graphics]
[3.517s] -- Looking for gz-common5-graphics -- found version 5.8.0
[3.518s] -- Searching for dependencies of gz-common5-graphics
[3.518s] -- Looking for gz-math7 -- found version 7.6.0
[3.527s] -- Found GzAssimp: TRUE (found version "5.2.0") 
[3.528s] -- Searching for <gz-common5> component [io]
[3.533s] -- Looking for gz-common5-io -- found version 5.8.0
[3.533s] -- Searching for dependencies of gz-common5-io
[3.533s] -- Searching for <gz-common5> component [profiler]
[3.536s] -- Looking for gz-common5-profiler -- found version 5.8.0
[3.536s] -- Searching for dependencies of gz-common5-profiler
[3.541s] -- Looking for gz-fuel_tools9 -- found version 9.1.1
[3.542s] -- Searching for dependencies of gz-fuel_tools9
[3.685s] -- Found CURL: /usr/lib/x86_64-linux-gnu/libcurl.so (found version "7.81.0")  
[3.707s] -- Checking for module 'jsoncpp'
[3.727s] --   Found jsoncpp, version 1.9.5
[3.796s] -- Found JSONCPP: TRUE  
[3.807s] -- Checking for module 'libzip'
[3.830s] --   Found libzip, version 1.7.3
[3.891s] -- Found ZIP: TRUE  
[3.891s] -- Looking for gz-utils2 -- found version 2.2.1
[3.892s] -- Looking for gz-common5 -- found version 5.8.0
[3.893s] -- Searching for dependencies of gz-common5
[3.893s] -- Looking for gz-utils2 -- found version 2.2.1
[3.893s] -- Looking for dlfcn.h - found
[3.893s] -- Looking for libdl - found
[3.903s] -- Searching for <gz-common5> component [testing]
[3.910s] -- Looking for gz-common5-testing -- found version 5.8.0
[3.911s] -- Searching for dependencies of gz-common5-testing
[3.914s] -- Looking for gz-math7 -- found version 7.6.0
[3.915s] -- Looking for gz-msgs10 -- found version 10.3.2
[3.921s] -- Looking for gz-gui8 -- found version 8.4.0
[3.921s] -- Searching for dependencies of gz-gui8
[3.976s] -- Looking for gz-utils2 -- found version 2.2.1
[3.976s] -- Looking for gz-math7 -- found version 7.6.0
[3.977s] -- Looking for gz-common5 -- found version 5.8.0
[3.978s] -- Looking for gz-plugin2 -- found version 2.0.4
[3.979s] -- Looking for gz-transport13 -- found version 13.5.0
[3.986s] -- Looking for gz-rendering8 -- found version 8.2.3
[3.986s] -- Searching for dependencies of gz-rendering8
[3.987s] -- Looking for gz-math7 -- found version 7.6.0
[3.987s] -- Searching for dependencies of gz-math7
[3.988s] -- Looking for gz-utils2 -- found version 2.2.1
[3.988s] -- Searching for <gz-math7> component [eigen3]
[3.993s] -- Looking for gz-math7-eigen3 -- found version 7.6.0
[3.993s] -- Searching for dependencies of gz-math7-eigen3
[4.003s] -- Looking for gz-common5 -- found version 5.8.0
[4.003s] -- Searching for dependencies of gz-common5
[4.004s] -- Looking for gz-utils2 -- found version 2.2.1
[4.004s] -- Looking for dlfcn.h - found
[4.004s] -- Looking for libdl - found
[4.017s] -- Searching for <gz-common5> component [graphics]
[4.017s] -- Searching for <gz-common5> component [events]
[4.018s] -- Searching for <gz-common5> component [geospatial]
[4.023s] -- Looking for gz-common5-geospatial -- found version 5.8.0
[4.024s] -- Searching for dependencies of gz-common5-geospatial
[4.024s] -- Looking for gz-math7 -- found version 7.6.0
[4.025s] -- Looking for gz-common5 -- found version 5.8.0
[4.027s] -- Looking for gz-plugin2 -- found version 2.0.4
[4.027s] -- Searching for dependencies of gz-plugin2
[4.028s] -- Looking for gz-utils2 -- found version 2.2.1
[4.028s] -- Searching for <gz-plugin2> component [all]
[4.033s] -- Looking for all libraries of gz-plugin2 -- found version 2.0.4
[4.033s] -- Looking for gz-plugin2 -- found version 2.0.4
[4.036s] -- Looking for gz-utils2 -- found version 2.2.1
[4.047s] -- Found OpenGL: /usr/lib/x86_64-linux-gnu/libOpenGL.so  found components: OpenGL 
[4.051s] -- Looking for gz-msgs10 -- found version 10.3.2
[4.115s] -- Looking for gz-physics7 -- found version 7.7.0
[4.116s] -- Searching for dependencies of gz-physics7
[4.116s] -- Looking for gz-common5 -- found version 5.8.0
[4.117s] -- Looking for gz-math7 -- found version 7.6.0
[4.118s] -- Looking for gz-plugin2 -- found version 2.0.4
[4.118s] -- Looking for gz-utils2 -- found version 2.2.1
[4.121s] -- Searching for <gz-physics7> component [heightmap]
[4.128s] -- Looking for gz-physics7-heightmap -- found version 7.7.0
[4.129s] -- Searching for dependencies of gz-physics7-heightmap
[4.129s] -- Looking for gz-common5 -- found version 5.8.0
[4.131s] -- Searching for <gz-physics7> component [mesh]
[4.135s] -- Looking for gz-physics7-mesh -- found version 7.7.0
[4.136s] -- Searching for dependencies of gz-physics7-mesh
[4.136s] -- Looking for gz-common5 -- found version 5.8.0
[4.137s] -- Searching for <gz-physics7> component [sdf]
[4.143s] -- Looking for gz-physics7-sdf -- found version 7.7.0
[4.145s] -- Searching for dependencies of gz-physics7-sdf
[4.146s] -- Looking for sdformat14 -- found version 14.9.0
[4.160s] -- Looking for gz-sensors8 -- found version 8.2.2
[4.161s] -- Searching for dependencies of gz-sensors8
[4.194s] -- Looking for gz-math7 -- found version 7.6.0
[4.195s] -- Looking for gz-common5 -- found version 5.8.0
[4.196s] -- Looking for gz-transport13 -- found version 13.5.0
[4.197s] -- Looking for gz-rendering8 -- found version 8.2.3
[4.198s] -- Looking for gz-msgs10 -- found version 10.3.2
[4.199s] -- Looking for sdformat14 -- found version 14.9.0
[4.200s] -- Searching for <gz-sensors8> component [air_pressure]
[4.205s] -- Looking for gz-sensors8-air_pressure -- found version 8.2.2
[4.206s] -- Searching for dependencies of gz-sensors8-air_pressure
[4.208s] -- Searching for <gz-sensors8> component [air_speed]
[4.215s] -- Looking for gz-sensors8-air_speed -- found version 8.2.2
[4.216s] -- Searching for dependencies of gz-sensors8-air_speed
[4.217s] -- Searching for <gz-sensors8> component [altimeter]
[4.222s] -- Looking for gz-sensors8-altimeter -- found version 8.2.2
[4.222s] -- Searching for dependencies of gz-sensors8-altimeter
[4.223s] -- Searching for <gz-sensors8> component [imu]
[4.231s] -- Looking for gz-sensors8-imu -- found version 8.2.2
[4.231s] -- Searching for dependencies of gz-sensors8-imu
[4.232s] -- Searching for <gz-sensors8> component [force_torque]
[4.237s] -- Looking for gz-sensors8-force_torque -- found version 8.2.2
[4.237s] -- Searching for dependencies of gz-sensors8-force_torque
[4.238s] -- Searching for <gz-sensors8> component [logical_camera]
[4.245s] -- Looking for gz-sensors8-logical_camera -- found version 8.2.2
[4.246s] -- Searching for dependencies of gz-sensors8-logical_camera
[4.248s] -- Searching for <gz-sensors8> component [magnetometer]
[4.255s] -- Looking for gz-sensors8-magnetometer -- found version 8.2.2
[4.256s] -- Searching for dependencies of gz-sensors8-magnetometer
[4.258s] -- Searching for <gz-sensors8> component [navsat]
[4.264s] -- Looking for gz-sensors8-navsat -- found version 8.2.2
[4.265s] -- Searching for dependencies of gz-sensors8-navsat
[4.267s] -- Searching for <gz-sensors8> component [dvl]
[4.276s] -- Looking for gz-sensors8-dvl -- found version 8.2.2
[4.277s] -- Searching for dependencies of gz-sensors8-dvl
[4.278s] -- Looking for gz-sensors8 -- found version 8.2.2
[4.279s] -- Searching for dependencies of gz-sensors8
[4.325s] -- Looking for gz-math7 -- found version 7.6.0
[4.326s] -- Looking for gz-common5 -- found version 5.8.0
[4.326s] -- Looking for gz-transport13 -- found version 13.5.0
[4.327s] -- Looking for gz-rendering8 -- found version 8.2.3
[4.327s] -- Looking for gz-msgs10 -- found version 10.3.2
[4.328s] -- Looking for sdformat14 -- found version 14.9.0
[4.328s] -- Searching for <gz-sensors8> component [rendering]
[4.334s] -- Looking for gz-sensors8-rendering -- found version 8.2.2
[4.334s] -- Searching for dependencies of gz-sensors8-rendering
[4.336s] -- Searching for <gz-sensors8> component [rendering]
[4.336s] -- Searching for <gz-sensors8> component [lidar]
[4.338s] -- Looking for gz-sensors8-lidar -- found version 8.2.2
[4.339s] -- Searching for dependencies of gz-sensors8-lidar
[4.339s] -- Looking for gz-sensors8 -- found version 8.2.2
[4.340s] -- Searching for <gz-sensors8> component [gpu_lidar]
[4.347s] -- Looking for gz-sensors8-gpu_lidar -- found version 8.2.2
[4.347s] -- Searching for dependencies of gz-sensors8-gpu_lidar
[4.348s] -- Looking for gz-sensors8 -- found version 8.2.2
[4.351s] -- Searching for <gz-sensors8> component [camera]
[4.355s] -- Looking for gz-sensors8-camera -- found version 8.2.2
[4.356s] -- Searching for dependencies of gz-sensors8-camera
[4.356s] -- Looking for gz-sensors8 -- found version 8.2.2
[4.357s] -- Searching for <gz-sensors8> component [boundingbox_camera]
[4.361s] -- Looking for gz-sensors8-boundingbox_camera -- found version 8.2.2
[4.362s] -- Searching for dependencies of gz-sensors8-boundingbox_camera
[4.363s] -- Searching for <gz-sensors8> component [segmentation_camera]
[4.369s] -- Looking for gz-sensors8-segmentation_camera -- found version 8.2.2
[4.369s] -- Searching for dependencies of gz-sensors8-segmentation_camera
[4.370s] -- Searching for <gz-sensors8> component [depth_camera]
[4.373s] -- Looking for gz-sensors8-depth_camera -- found version 8.2.2
[4.374s] -- Searching for dependencies of gz-sensors8-depth_camera
[4.374s] -- Looking for gz-sensors8 -- found version 8.2.2
[4.382s] -- Searching for <gz-sensors8> component [rgbd_camera]
[4.392s] -- Looking for gz-sensors8-rgbd_camera -- found version 8.2.2
[4.393s] -- Searching for dependencies of gz-sensors8-rgbd_camera
[4.394s] -- Looking for gz-sensors8 -- found version 8.2.2
[4.396s] -- Searching for <gz-sensors8> component [thermal_camera]
[4.402s] -- Looking for gz-sensors8-thermal_camera -- found version 8.2.2
[4.403s] -- Searching for dependencies of gz-sensors8-thermal_camera
[4.403s] -- Looking for gz-sensors8 -- found version 8.2.2
[4.404s] -- Searching for <gz-sensors8> component [wide_angle_camera]
[4.412s] -- Looking for gz-sensors8-wide_angle_camera -- found version 8.2.2
[4.413s] -- Searching for dependencies of gz-sensors8-wide_angle_camera
[4.416s] -- Looking for gz-rendering8 -- found version 8.2.3
[4.416s] -- Looking for gz-math7 -- found version 7.6.0
[4.417s] -- Looking for gz-utils2 -- found version 2.2.1
[4.452s] -- Looking for gz-common5 -- found version 5.8.0
[4.453s] -- Looking for gz-fuel_tools9 -- found version 9.1.1
[4.454s] -- Looking for gz-math7 -- found version 7.6.0
[4.455s] -- Looking for gz-msgs10 -- found version 10.3.2
[4.456s] -- Looking for gz-transport13 -- found version 13.5.0
[4.456s] -- Looking for gz-plugin2 -- found version 2.0.4
[4.457s] -- Looking for gz-rendering8 -- found version 8.2.3
[4.459s] -- Looking for gz-sensors8 -- found version 8.2.2
[4.460s] -- Looking for gz-utils2 -- found version 2.2.1
[4.462s] -- Looking for sdformat14 -- found version 14.9.0
[4.468s] -- Found ament_lint_auto: 0.12.15 (/opt/ros/humble/share/ament_lint_auto/cmake)
[4.620s] -- Added test 'cppcheck' to perform static code analysis on C / C++ code
[4.620s] -- Configured cppcheck include dirs: $<BUILD_INTERFACE:/root/ros2_ws/src/asv_simulator/include>
[4.620s] -- Configured cppcheck exclude dirs and/or files: 
[4.622s] -- Added test 'flake8' to check Python code syntax and style conventions
[4.628s] -- Added test 'lint_cmake' to check CMake code style
[4.631s] -- Added test 'pep257' to check Python code against some of the docstring style conventions in PEP 257
[4.646s] -- Added test 'uncrustify' to check C / C++ code style
[4.646s] -- Configured uncrustify additional arguments: 
[4.653s] -- Added test 'xmllint' to check XML markup files
[4.658s] -- Configuring done
[4.698s] -- Generating done
[4.704s] -- Build files have been written to: /root/ros2_ws/src/asv_simulator/build/asv_simulator
[4.728s] Invoked command in '/root/ros2_ws/src/asv_simulator/build/asv_simulator' returned '0': CMAKE_PREFIX_PATH=${CMAKE_PREFIX_PATH}:/root/ros2_ws/install/map2gazebo:/opt/ros/humble /usr/bin/cmake /root/ros2_ws/src/asv_simulator -DAMENT_CMAKE_SYMLINK_INSTALL=1 -DCMAKE_INSTALL_PREFIX=/root/ros2_ws/src/asv_simulator/install/asv_simulator
[4.731s] Invoking command in '/root/ros2_ws/src/asv_simulator/build/asv_simulator': CMAKE_PREFIX_PATH=${CMAKE_PREFIX_PATH}:/root/ros2_ws/install/map2gazebo:/opt/ros/humble /usr/bin/cmake --build /root/ros2_ws/src/asv_simulator/build/asv_simulator -- -j12 -l12
[4.822s] [ 10%] [32mBuilding CXX object CMakeFiles/Waves.dir/plugins/Wavefield.cc.o[0m
[7.656s] [01m[K/root/ros2_ws/src/asv_simulator/plugins/Wavefield.cc:[m[K In constructor ‘[01m[Kasv::WavefieldPrivate::WavefieldPrivate()[m[K’:
[7.656s] [01m[K/root/ros2_ws/src/asv_simulator/plugins/Wavefield.cc:137:18:[m[K [01;35m[Kwarning: [m[K‘[01m[Kasv::WavefieldPrivate::wavenumber[m[K’ will be initialized after [[01;35m[K-Wreorder[m[K]
[7.657s]   137 |   public: double [01;35m[Kwavenumber[m[K;
[7.657s]       |                  [01;35m[K^~~~~~~~~~[m[K
[7.657s] [01m[K/root/ros2_ws/src/asv_simulator/plugins/Wavefield.cc:125:18:[m[K [01;35m[Kwarning: [m[K  ‘[01m[Kdouble asv::WavefieldPrivate::tau[m[K’ [[01;35m[K-Wreorder[m[K]
[7.657s]   125 |   public: double [01;35m[Ktau[m[K;
[7.657s]       |                  [01;35m[K^~~[m[K
[7.657s] [01m[K/root/ros2_ws/src/asv_simulator/plugins/Wavefield.cc:50:11:[m[K [01;35m[Kwarning: [m[K  when initialized here [[01;35m[K-Wreorder[m[K]
[7.657s]    50 |   public: [01;35m[KWavefieldPrivate[m[K():
[7.657s]       |           [01;35m[K^~~~~~~~~~~~~~~~[m[K
[7.725s] /root/ros2_ws/src/asv_simulator/plugins/Wavefield.cc: In instantiation of ‘[01m[Kasv::Wavefield::ComputeDepthDirectly(const Vector3d&, double, double)::<lambda(auto:24, auto:25, auto:26, auto:27&, auto:28&, auto:29&)> [with auto:24 = Eigen::Matrix<double, 2, 1>; auto:25 = Eigen::Matrix<double, 2, 1>; auto:26 = double; auto:27 = asv::Wavefield::ComputeDepthDirectly(const Vector3d&, double, double)::WaveParams; auto:28 = Eigen::Matrix<double, 2, 1>; auto:29 = Eigen::Matrix<double, 2, 2>][m[K’:
[7.725s] [01m[K/root/ros2_ws/src/asv_simulator/plugins/Wavefield.cc:852:18:[m[K   required from ‘[01m[Kasv::Wavefield::ComputeDepthDirectly(const Vector3d&, double, double)::<lambda(auto:30&, auto:31, auto:32, auto:33, auto:34&, auto:35, auto:36)> [with auto:30 = asv::Wavefield::ComputeDepthDirectly(const Vector3d&, double, double)::<lambda(auto:24, auto:25, auto:26, auto:27&, auto:28&, auto:29&)>; auto:31 = Eigen::Matrix<double, 2, 1>; auto:32 = Eigen::Matrix<double, 2, 1>; auto:33 = double; auto:34 = asv::Wavefield::ComputeDepthDirectly(const Vector3d&, double, double)::WaveParams; auto:35 = double; auto:36 = double][m[K’
[7.725s] [01m[K/root/ros2_ws/src/asv_simulator/plugins/Wavefield.cc:877:27:[m[K   required from here
[7.725s] [01m[K/root/ros2_ws/src/asv_simulator/plugins/Wavefield.cc:809:26:[m[K [01;35m[Kwarning: [m[Kcomparison of integer expressions of different signedness: ‘[01m[Kint[m[K’ and ‘[01m[Kconst size_t[m[K’ {aka ‘[01m[Kconst long unsigned int[m[K’} [[01;35m[K-Wsign-compare[m[K]
[7.725s]   809 |     for (auto&& i = 0; [01;35m[Ki < n[m[K; ++i) // NOLINT
[7.725s]       |                        [01;35m[K~~^~~[m[K
[9.049s] [ 20%] [32m[1mLinking CXX shared library libASVWaves.so[0m
[9.398s] [ 20%] Built target Waves
[9.455s] [ 30%] [32mBuilding CXX object CMakeFiles/Surface.dir/plugins/Surface.cc.o[0m
[9.463s] [ 40%] [32mBuilding CXX object CMakeFiles/PolyhedraBuoyancyDrag.dir/plugins/PolyhedraBuoyancyDrag.cc.o[0m
[9.463s] [ 50%] [32mBuilding CXX object CMakeFiles/WaveVisual.dir/plugins/WaveVisual.cc.o[0m
[9.465s] [ 60%] [32mBuilding CXX object CMakeFiles/PolyhedraBuoyancyDrag.dir/plugins/PolyhedronVolume.cc.o[0m
[9.471s] [ 70%] [32mBuilding CXX object CMakeFiles/PolyhedraBuoyancyDrag.dir/plugins/ShapeVolume.cc.o[0m
[10.116s] In file included from [01m[K/usr/include/c++/11/cassert:44[m[K,
[10.116s]                  from [01m[K/root/ros2_ws/src/asv_simulator/plugins/PolyhedronVolume.cc:18[m[K:
[10.116s] [01m[K/root/ros2_ws/src/asv_simulator/plugins/PolyhedronVolume.cc:[m[K In static member function ‘[01m[Kstatic asv::Polyhedron asv::Polyhedron::makeCylinder(double, double, int)[m[K’:
[10.116s] [01m[K/root/ros2_ws/src/asv_simulator/plugins/PolyhedronVolume.cc:126:35:[m[K [01;35m[Kwarning: [m[Kcomparison of integer expressions of different signedness: ‘[01m[Kstd::vector<gz::math::v7::Vector3<double> >::size_type[m[K’ {aka ‘[01m[Klong unsigned int[m[K’} and ‘[01m[Kint[m[K’ [[01;35m[K-Wsign-compare[m[K]
[10.116s]   126 |   assert([01;35m[Kcylinder.vertices.size() == 2 * _n + 2[m[K);
[10.116s]       |          [01;35m[K~~~~~~~~~~~~~~~~~~~~~~~~~^~~~~~~~~~~~~[m[K
[10.117s] [01m[K/root/ros2_ws/src/asv_simulator/plugins/PolyhedronVolume.cc:127:32:[m[K [01;35m[Kwarning: [m[Kcomparison of integer expressions of different signedness: ‘[01m[Kstd::vector<asv::Polyhedron::Face>::size_type[m[K’ {aka ‘[01m[Klong unsigned int[m[K’} and ‘[01m[Kint[m[K’ [[01;35m[K-Wsign-compare[m[K]
[10.117s]   127 |   assert([01;35m[Kcylinder.faces.size() == 4 * _n[m[K);
[10.117s]       |          [01;35m[K~~~~~~~~~~~~~~~~~~~~~~^~~~~~~~~[m[K
[14.978s] [ 80%] [32m[1mLinking CXX shared library libASVWaveVisual.so[0m
[15.519s] [ 80%] Built target WaveVisual
[17.477s] [ 90%] [32m[1mLinking CXX shared library libASVPolyhedraBuoyancyDrag.so[0m
[17.907s] [100%] [32m[1mLinking CXX shared library libASVSurface.so[0m
[17.970s] [100%] Built target PolyhedraBuoyancyDrag
[18.315s] [100%] Built target Surface
[18.338s] Invoked command in '/root/ros2_ws/src/asv_simulator/build/asv_simulator' returned '0': CMAKE_PREFIX_PATH=${CMAKE_PREFIX_PATH}:/root/ros2_ws/install/map2gazebo:/opt/ros/humble /usr/bin/cmake --build /root/ros2_ws/src/asv_simulator/build/asv_simulator -- -j12 -l12
[18.363s] Invoking command in '/root/ros2_ws/src/asv_simulator/build/asv_simulator': CMAKE_PREFIX_PATH=${CMAKE_PREFIX_PATH}:/root/ros2_ws/install/map2gazebo:/opt/ros/humble /usr/bin/cmake --install /root/ros2_ws/src/asv_simulator/build/asv_simulator
[18.372s] -- Install configuration: ""
[18.372s] -- Execute custom install script
[18.373s] -- Symlinking: /root/ros2_ws/src/asv_simulator/install/asv_simulator/lib/libASVWaves.so
[18.389s] -- Symlinking: /root/ros2_ws/src/asv_simulator/install/asv_simulator/lib/libASVSurface.so
[18.397s] -- Symlinking: /root/ros2_ws/src/asv_simulator/install/asv_simulator/lib/libASVWaveVisual.so
[18.412s] -- Symlinking: /root/ros2_ws/src/asv_simulator/install/asv_simulator/lib/libASVPolyhedraBuoyancyDrag.so
[18.429s] -- Symlinking: /root/ros2_ws/src/asv_simulator/install/asv_simulator/lib/asv_simulator/virtual_sonar.py
[18.438s] -- Symlinking: /root/ros2_ws/src/asv_simulator/install/asv_simulator/share/asv_simulator/launch/sim.launch.py
[18.460s] -- Symlinking: /root/ros2_ws/src/asv_simulator/install/asv_simulator/share/asv_simulator/models/depths/meshes/depth.stl
[18.470s] -- Symlinking: /root/ros2_ws/src/asv_simulator/install/asv_simulator/share/asv_simulator/models/depths/model.config
[18.484s] -- Symlinking: /root/ros2_ws/src/asv_simulator/install/asv_simulator/share/asv_simulator/models/harbour/meshes/map.stl
[18.496s] -- Symlinking: /root/ros2_ws/src/asv_simulator/install/asv_simulator/share/asv_simulator/models/harbour/model.config
[18.504s] -- Symlinking: /root/ros2_ws/src/asv_simulator/install/asv_simulator/share/asv_simulator/models/harbour/model.sdf
[18.515s] -- Symlinking: /root/ros2_ws/src/asv_simulator/install/asv_simulator/share/asv_simulator/models/vessel_v1/model.config
[18.525s] -- Symlinking: /root/ros2_ws/src/asv_simulator/install/asv_simulator/share/asv_simulator/models/vessel_v1/vessel_v1.sdf
[18.537s] -- Symlinking: /root/ros2_ws/src/asv_simulator/install/asv_simulator/share/asv_simulator/models/vessel_v2/meshes/vessel_propeller_simplified.stl
[18.557s] -- Symlinking: /root/ros2_ws/src/asv_simulator/install/asv_simulator/share/asv_simulator/models/vessel_v2/meshes/vessel_simplified.stl
[18.569s] -- Symlinking: /root/ros2_ws/src/asv_simulator/install/asv_simulator/share/asv_simulator/models/vessel_v2/model.config
[18.581s] -- Symlinking: /root/ros2_ws/src/asv_simulator/install/asv_simulator/share/asv_simulator/models/vessel_v2/vessel_v2.sdf
[18.589s] -- Symlinking: /root/ros2_ws/src/asv_simulator/install/asv_simulator/share/asv_simulator/models/vessel_v3/meshes/vessel_propeller_simplified.stl
[18.599s] -- Symlinking: /root/ros2_ws/src/asv_simulator/install/asv_simulator/share/asv_simulator/models/vessel_v3/meshes/vessel_simplified.stl
[18.609s] -- Symlinking: /root/ros2_ws/src/asv_simulator/install/asv_simulator/share/asv_simulator/models/vessel_v3/model.config
[18.620s] -- Symlinking: /root/ros2_ws/src/asv_simulator/install/asv_simulator/share/asv_simulator/models/vessel_v3/vessel_v3.sdf
[18.640s] -- Symlinking: /root/ros2_ws/src/asv_simulator/install/asv_simulator/share/asv_simulator/urdf/vessel_v2.urdf
[18.662s] -- Symlinking: /root/ros2_ws/src/asv_simulator/install/asv_simulator/share/asv_simulator/configs/depth_map.tif
[18.673s] -- Symlinking: /root/ros2_ws/src/asv_simulator/install/asv_simulator/share/asv_simulator/configs/internal_bay_deposit_resampled.tif
[18.696s] -- Symlinking: /root/ros2_ws/src/asv_simulator/install/asv_simulator/share/asv_simulator/configs/vessel_viz.rviz
[18.709s] -- Symlinking: /root/ros2_ws/src/asv_simulator/install/asv_simulator/share/asv_simulator/worlds/depth_gazebo_513_bit_clean.png
[18.719s] -- Symlinking: /root/ros2_ws/src/asv_simulator/install/asv_simulator/share/asv_simulator/worlds/depth_map_513_16bit.png
[18.746s] -- Symlinking: /root/ros2_ws/src/asv_simulator/install/asv_simulator/share/asv_simulator/worlds/depth_map_513_8bit.png
[18.766s] -- Symlinking: /root/ros2_ws/src/asv_simulator/install/asv_simulator/share/asv_simulator/worlds/ocean_world.sdf
[18.777s] -- Symlinking: /root/ros2_ws/src/asv_simulator/install/asv_simulator/share/asv_simulator/worlds/ocean_world_waves.sdf
[18.795s] -- Symlinking: /root/ros2_ws/src/asv_simulator/install/asv_simulator/share/asv_simulator/include/asv_simulator/PolyhedraBuoyancyDrag.hh
[18.811s] -- Symlinking: /root/ros2_ws/src/asv_simulator/install/asv_simulator/share/asv_simulator/include/asv_simulator/PolyhedronVolume.hh
[18.821s] -- Symlinking: /root/ros2_ws/src/asv_simulator/install/asv_simulator/share/asv_simulator/include/asv_simulator/ShapeVolume.hh
[18.847s] -- Symlinking: /root/ros2_ws/src/asv_simulator/install/asv_simulator/share/asv_simulator/include/asv_simulator/Surface.hh
[18.870s] -- Symlinking: /root/ros2_ws/src/asv_simulator/install/asv_simulator/share/asv_simulator/include/asv_simulator/WaveVisual.hh
[18.887s] -- Symlinking: /root/ros2_ws/src/asv_simulator/install/asv_simulator/share/asv_simulator/include/asv_simulator/Wavefield.hh
[18.903s] -- Symlinking: /root/ros2_ws/src/asv_simulator/install/asv_simulator/share/asv_simulator/include/depth_table.csv
[18.918s] -- Symlinking: /root/ros2_ws/src/asv_simulator/install/asv_simulator/share/ament_index/resource_index/package_run_dependencies/asv_simulator
[18.934s] -- Symlinking: /root/ros2_ws/src/asv_simulator/install/asv_simulator/share/ament_index/resource_index/parent_prefix_path/asv_simulator
[18.959s] -- Symlinking: /root/ros2_ws/src/asv_simulator/install/asv_simulator/share/asv_simulator/environment/ament_prefix_path.sh
[18.978s] -- Symlinking: /root/ros2_ws/src/asv_simulator/install/asv_simulator/share/asv_simulator/environment/ament_prefix_path.dsv
[18.986s] -- Symlinking: /root/ros2_ws/src/asv_simulator/install/asv_simulator/share/asv_simulator/environment/path.sh
[19.001s] -- Symlinking: /root/ros2_ws/src/asv_simulator/install/asv_simulator/share/asv_simulator/environment/path.dsv
[19.017s] -- Symlinking: /root/ros2_ws/src/asv_simulator/install/asv_simulator/share/asv_simulator/local_setup.bash
[19.031s] -- Symlinking: /root/ros2_ws/src/asv_simulator/install/asv_simulator/share/asv_simulator/local_setup.sh
[19.057s] -- Symlinking: /root/ros2_ws/src/asv_simulator/install/asv_simulator/share/asv_simulator/local_setup.zsh
[19.068s] -- Symlinking: /root/ros2_ws/src/asv_simulator/install/asv_simulator/share/asv_simulator/local_setup.dsv
[19.083s] -- Symlinking: /root/ros2_ws/src/asv_simulator/install/asv_simulator/share/asv_simulator/package.dsv
[19.093s] -- Symlinking: /root/ros2_ws/src/asv_simulator/install/asv_simulator/share/ament_index/resource_index/packages/asv_simulator
[19.105s] -- Symlinking: /root/ros2_ws/src/asv_simulator/install/asv_simulator/share/asv_simulator/cmake/asv_simulatorConfig.cmake
[19.119s] -- Symlinking: /root/ros2_ws/src/asv_simulator/install/asv_simulator/share/asv_simulator/cmake/asv_simulatorConfig-version.cmake
[19.134s] -- Symlinking: /root/ros2_ws/src/asv_simulator/install/asv_simulator/share/asv_simulator/package.xml
[19.160s] Invoked command in '/root/ros2_ws/src/asv_simulator/build/asv_simulator' returned '0': CMAKE_PREFIX_PATH=${CMAKE_PREFIX_PATH}:/root/ros2_ws/install/map2gazebo:/opt/ros/humble /usr/bin/cmake --install /root/ros2_ws/src/asv_simulator/build/asv_simulator
